#
# There is insufficient memory for the Java Runtime Environment to continue.
# Native memory allocation (malloc) failed to allocate 1048576 bytes for AllocateHeap
# Possible reasons:
#   The system is out of physical RAM or swap space
#   The process is running with CompressedOops enabled, and the Java Heap may be blocking the growth of the native heap
# Possible solutions:
#   Reduce memory load on the system
#   Increase physical memory or swap space
#   Check if swap backing store is full
#   Decrease Java heap size (-Xmx/-Xms)
#   Decrease number of Java threads
#   Decrease Java thread stack sizes (-Xss)
#   Set larger code cache with -XX:ReservedCodeCacheSize=
#   JVM is running with Unscaled Compressed Oops mode in which the Java heap is
#     placed in the first 4GB address space. The Java Heap base address is the
#     maximum limit for the native heap growth. Please use -XX:HeapBaseMinAddress
#     to set the Java Heap base and to place the Java Heap above 4GB virtual address.
# This output file may be truncated or incomplete.
#
#  Out of Memory Error (memory/allocation.inline.hpp:61), pid=13164, tid=0x0000000000005b90
#
# JRE version:  (8.0_321-b07) (build )
# Java VM: Java HotSpot(TM) 64-Bit Server VM (25.321-b07 mixed mode windows-amd64 compressed oops)
# Failed to write core dump. Minidumps are not enabled by default on client versions of Windows
#

---------------  T H R E A D  ---------------

Current thread (0x0000029be4a39000):  JavaThread "Unknown thread" [_thread_in_vm, id=23440, stack(0x000000d8daf00000,0x000000d8db000000)]

Stack: [0x000000d8daf00000,0x000000d8db000000]
Native frames: (J=compiled Java code, j=interpreted, Vv=VM code, C=native code)
V  [jvm.dll+0x32fc49]
V  [jvm.dll+0x2761a2]
V  [jvm.dll+0x276e4d]
V  [jvm.dll+0x26d7f5]
V  [jvm.dll+0x509d]
V  [jvm.dll+0x3cafcc]
V  [jvm.dll+0x3c7337]
V  [jvm.dll+0xfd2ff]
V  [jvm.dll+0x20a8eb]
V  [jvm.dll+0x239417]
V  [jvm.dll+0x162e26]
C  [java.exe+0x2312]
C  [java.exe+0x15f54]
C  [KERNEL32.DLL+0x17034]
C  [ntdll.dll+0x52651]


---------------  P R O C E S S  ---------------

Java Threads: ( => current thread )

Other Threads:

=>0x0000029be4a39000 (exited) JavaThread "Unknown thread" [_thread_in_vm, id=23440, stack(0x000000d8daf00000,0x000000d8db000000)]

VM state:not at safepoint (normal execution)

VM Mutex/Monitor currently owned by a thread: None

heap address: 0x0000000081e00000, size: 2018 MB, Compressed Oops mode: 32-bit
Narrow klass base: 0x0000000000000000, Narrow klass shift: 3
Compressed class space size: 1073741824 Address: 0x0000000100000000

Heap:
 PSYoungGen      total 38400K, used 665K [0x00000000d5f80000, 0x00000000d8a00000, 0x0000000100000000)
  eden space 33280K, 2% used [0x00000000d5f80000,0x00000000d6026670,0x00000000d8000000)
  from space 5120K, 0% used [0x00000000d8500000,0x00000000d8500000,0x00000000d8a00000)
  to   space 5120K, 0% used [0x00000000d8000000,0x00000000d8000000,0x00000000d8500000)
 ParOldGen       total 87552K, used 0K [0x0000000081e00000, 0x0000000087380000, 0x00000000d5f80000)
  object space 87552K, 0% used [0x0000000081e00000,0x0000000081e00000,0x0000000087380000)
 Metaspace       used 778K, capacity 4480K, committed 4480K, reserved 1056768K
  class space    used 76K, capacity 384K, committed 384K, reserved 1048576K

Card table byte_map: [0x0000029bf57e0000,0x0000029bf5be0000] byte_map_base: 0x0000029bf53d1000

Marking Bits: (ParMarkBitMap*) 0x0000000053cb9030
 Begin Bits: [0x0000029bf5e90000, 0x0000029bf7e18000)
 End Bits:   [0x0000029bf7e18000, 0x0000029bf9da0000)

Polling page: 0x0000029be63f0000

CodeCache: size=245760Kb used=329Kb max_used=329Kb free=245430Kb
 bounds [0x0000029be6420000, 0x0000029be6690000, 0x0000029bf5420000]
 total_blobs=58 nmethods=0 adapters=38
 compilation: enabled

Compilation events (0 events):
No events

GC Heap History (0 events):
No events

Deoptimization events (0 events):
No events

Classes redefined (0 events):
No events

Internal exceptions (0 events):
No events

Events (10 events):
Event: 0.044 loading class java/lang/Short
Event: 0.044 loading class java/lang/Short done
Event: 0.044 loading class java/lang/Integer
Event: 0.044 loading class java/lang/Integer done
Event: 0.044 loading class java/lang/Long
Event: 0.045 loading class java/lang/Long done
Event: 0.045 loading class java/lang/NullPointerException
Event: 0.045 loading class java/lang/NullPointerException done
Event: 0.045 loading class java/lang/ArithmeticException
Event: 0.045 loading class java/lang/ArithmeticException done


Dynamic libraries:
0x00007ff6e5ce0000 - 0x00007ff6e5d27000 	C:\Program Files\Java\jdk1.8.0_321\bin\java.exe
0x00007ffdf0730000 - 0x00007ffdf0925000 	C:\WINDOWS\SYSTEM32\ntdll.dll
0x00007ffdef210000 - 0x00007ffdef2ce000 	C:\WINDOWS\System32\KERNEL32.DLL
0x00007ffdede40000 - 0x00007ffdee108000 	C:\WINDOWS\System32\KERNELBASE.dll
0x00007ffdee820000 - 0x00007ffdee8ce000 	C:\WINDOWS\System32\ADVAPI32.dll
0x00007ffdeed50000 - 0x00007ffdeedee000 	C:\WINDOWS\System32\msvcrt.dll
0x00007ffdef690000 - 0x00007ffdef72c000 	C:\WINDOWS\System32\sechost.dll
0x00007ffdf0560000 - 0x00007ffdf0685000 	C:\WINDOWS\System32\RPCRT4.dll
0x00007ffdeef30000 - 0x00007ffdef0d1000 	C:\WINDOWS\System32\USER32.dll
0x00007ffdee630000 - 0x00007ffdee652000 	C:\WINDOWS\System32\win32u.dll
0x00007ffdf06a0000 - 0x00007ffdf06cb000 	C:\WINDOWS\System32\GDI32.dll
0x00007ffdee660000 - 0x00007ffdee76d000 	C:\WINDOWS\System32\gdi32full.dll
0x00007ffdee590000 - 0x00007ffdee62d000 	C:\WINDOWS\System32\msvcp_win.dll
0x00007ffdee240000 - 0x00007ffdee340000 	C:\WINDOWS\System32\ucrtbase.dll
0x00007ffdd9e10000 - 0x00007ffdda0aa000 	C:\WINDOWS\WinSxS\amd64_microsoft.windows.common-controls_6595b64144ccf1df_6.0.19041.1110_none_60b5254171f9507e\COMCTL32.dll
0x00007ffdefe80000 - 0x00007ffdefeb0000 	C:\WINDOWS\System32\IMM32.DLL
0x00007ffde3c50000 - 0x00007ffde3c65000 	C:\Program Files\Java\jdk1.8.0_321\jre\bin\vcruntime140.dll
0x00007ffdb1b90000 - 0x00007ffdb1c2b000 	C:\Program Files\Java\jdk1.8.0_321\jre\bin\msvcp140.dll
0x00000000534d0000 - 0x0000000053d31000 	C:\Program Files\Java\jdk1.8.0_321\jre\bin\server\jvm.dll
0x00007ffdef5b0000 - 0x00007ffdef5b8000 	C:\WINDOWS\System32\PSAPI.DLL
0x00007ffde4cc0000 - 0x00007ffde4cca000 	C:\WINDOWS\SYSTEM32\VERSION.dll
0x00007ffdcc5e0000 - 0x00007ffdcc607000 	C:\WINDOWS\SYSTEM32\WINMM.dll
0x00007ffde83e0000 - 0x00007ffde83e9000 	C:\WINDOWS\SYSTEM32\WSOCK32.dll
0x00007ffdef540000 - 0x00007ffdef5ab000 	C:\WINDOWS\System32\WS2_32.dll
0x00007ffdec930000 - 0x00007ffdec942000 	C:\WINDOWS\SYSTEM32\kernel.appcore.dll
0x00007ffde7570000 - 0x00007ffde7580000 	C:\Program Files\Java\jdk1.8.0_321\jre\bin\verify.dll
0x00007ffde3b30000 - 0x00007ffde3b5b000 	C:\Program Files\Java\jdk1.8.0_321\jre\bin\java.dll
0x00007ffde7630000 - 0x00007ffde7660000 	C:\Program Files\Java\jdk1.8.0_321\jre\bin\instrument.dll
0x00007ffddc0f0000 - 0x00007ffddc108000 	C:\Program Files\Java\jdk1.8.0_321\jre\bin\zip.dll
0x00007ffde9490000 - 0x00007ffde9674000 	C:\WINDOWS\SYSTEM32\dbghelp.dll
0x00007ffdee500000 - 0x00007ffdee582000 	C:\WINDOWS\System32\bcryptPrimitives.dll

VM Arguments:
jvm_args: -javaagent:C:\Program Files\JetBrains\IntelliJ IDEA Community Edition 2021.3.1\lib\idea_rt.jar=60323:C:\Program Files\JetBrains\IntelliJ IDEA Community Edition 2021.3.1\bin -Dfile.encoding=UTF-8 
java_command: com.akash.Basics
java_class_path (initial): C:\Program Files\Java\jdk1.8.0_321\jre\lib\charsets.jar;C:\Program Files\Java\jdk1.8.0_321\jre\lib\deploy.jar;C:\Program Files\Java\jdk1.8.0_321\jre\lib\ext\access-bridge-64.jar;C:\Program Files\Java\jdk1.8.0_321\jre\lib\ext\cldrdata.jar;C:\Program Files\Java\jdk1.8.0_321\jre\lib\ext\dnsns.jar;C:\Program Files\Java\jdk1.8.0_321\jre\lib\ext\jaccess.jar;C:\Program Files\Java\jdk1.8.0_321\jre\lib\ext\jfxrt.jar;C:\Program Files\Java\jdk1.8.0_321\jre\lib\ext\localedata.jar;C:\Program Files\Java\jdk1.8.0_321\jre\lib\ext\nashorn.jar;C:\Program Files\Java\jdk1.8.0_321\jre\lib\ext\sunec.jar;C:\Program Files\Java\jdk1.8.0_321\jre\lib\ext\sunjce_provider.jar;C:\Program Files\Java\jdk1.8.0_321\jre\lib\ext\sunmscapi.jar;C:\Program Files\Java\jdk1.8.0_321\jre\lib\ext\sunpkcs11.jar;C:\Program Files\Java\jdk1.8.0_321\jre\lib\ext\zipfs.jar;C:\Program Files\Java\jdk1.8.0_321\jre\lib\javaws.jar;C:\Program Files\Java\jdk1.8.0_321\jre\lib\jce.jar;C:\Program Files\Java\jdk1.8.0_321\jre\lib\jfr.jar;C:\Program Files\Java\jdk1.8.0_321\jre\lib\jfxswt.jar;C:\Program Files\Java\jdk1.8.0_321\jre\lib\jsse.jar;C:\Program Files\Java\jdk1.8.0_321\jre\lib\management-agent.jar;C:\Program Files\Java\jdk1.8.0_321\jre\lib\plugin.jar;C:\Program Files\Java\jdk1.8.0_321\jre\lib\resources.jar;C:\Program Files\Java\jdk1.8.0_321\jre\lib\rt.jar;C:\Users\Asus\IdeaProjects\DSA-Bootcamp-Java\First_Program\out\production\First_Program;C:\Program Files\JetBrains\IntelliJ IDEA Community Edition 2021.3.1\lib\idea_rt.jar
Launcher Type: SUN_STANDARD

Environment Variables:
JAVA_HOME=C:\Program Files\Java\jdk1.8.0_321
JRE_HOME=C:\Program Files\Java\jre1.8.0_321
PATH=C:\Program Files (x86)\VMware\VMware Player\bin\;C:\Windows\SysWOW64\wbem;C:\Program Files (x86)\NVIDIA Corporation\PhysX\Common;C:\WINDOWS\System32\OpenSSH\;C:\Windows\System32;C:\Program Files\PuTTY\;C:\Program Files\Git\cmd;C:\Program Files\Amazon\AWSCLIV2\;C:\Program Files\Java\jdk1.8.0_321\bin;C:\Users\Asus\AppData\Local\Programs\Python\Python310\Scripts\;C:\Users\Asus\AppData\Local\Programs\Python\Python310\;C:\Users\Asus\anaconda3;C:\Users\Asus\anaconda3\Library\mingw-w64\bin;C:\Users\Asus\anaconda3\Library\usr\bin;C:\Users\Asus\anaconda3\Library\bin;C:\Users\Asus\anaconda3\Scripts;C:\Windows\System32;C:\Users\Asus\AppData\Roaming\npm;C:\Users\Asus\anaconda3\condabin;F:\cmake-3.22.1-windows-x86_64\cmake-3.22.1-windows-x86_64\bin;C:\Program Files\JetBrains\IntelliJ IDEA Community Edition 2021.3.1\bin;;C:\Program Files\Git\git-bash.exe;C:\Program Files\Java\jdk1.8.0_321\bin;
USERNAME=Asus
OS=Windows_NT
PROCESSOR_IDENTIFIER=Intel64 Family 6 Model 142 Stepping 10, GenuineIntel



---------------  S Y S T E M  ---------------

OS: Windows 10 , 64 bit Build 19041 (10.0.19041.1466)

CPU:total 8 (initial active 8) (4 cores per cpu, 2 threads per core) family 6 model 142 stepping 10, cmov, cx8, fxsr, mmx, sse, sse2, sse3, ssse3, sse4.1, sse4.2, popcnt, avx, avx2, aes, clmul, erms, 3dnowpref, lzcnt, ht, tsc, tscinvbit, bmi1, bmi2, adx

Memory: 4k page, physical 8263816k(877872k free), swap 9874808k(5196k free)

vm_info: Java HotSpot(TM) 64-Bit Server VM (25.321-b07) for windows-amd64 JRE (1.8.0_321-b07), built on Dec 15 2021 11:19:20 by "java_re" with MS VC++ 15.9 (VS2017)

time: Tue Feb  8 13:08:15 2022
timezone: India Standard Time
elapsed time: 0.081419 seconds (0d 0h 0m 0s)

